<?xml version="1.0" encoding="UTF-8"?>
<testsuite name="com.Carlos.spaceinvaders.State.MenuStateTest" tests="3" skipped="0" failures="0" errors="0" timestamp="2023-12-22T19:23:14" hostname="rebelojoao-NBLB-WAX9N" time="0.052">
  <properties/>
  <testcase name="setMenuController_ShouldSetMenuController()" classname="com.Carlos.spaceinvaders.State.MenuStateTest" time="0.047"/>
  <testcase name="step_ShouldCallLanternaDrawAndMenuControllerToDo()" classname="com.Carlos.spaceinvaders.State.MenuStateTest" time="0.002"/>
  <testcase name="setDrawMenu_ShouldSetDrawMenu()" classname="com.Carlos.spaceinvaders.State.MenuStateTest" time="0.001"/>
  <system-out><![CDATA[]]></system-out>
  <system-err><![CDATA[]]></system-err>
</testsuite>
