<?xml version="1.0" encoding="UTF-8"?>
<testsuite name="com.Carlos.spaceinvaders.controller.game.DifficultyControllerTest" tests="5" skipped="0" failures="0" errors="0" timestamp="2023-12-22T19:23:15" hostname="rebelojoao-NBLB-WAX9N" time="0.008">
  <properties/>
  <testcase name="testToDoScoreMultipleOf20()" classname="com.Carlos.spaceinvaders.controller.game.DifficultyControllerTest" time="0.001"/>
  <testcase name="testToDoScoreMultipleOf75()" classname="com.Carlos.spaceinvaders.controller.game.DifficultyControllerTest" time="0.001"/>
  <testcase name="testToDoScoreMultipleOf2000()" classname="com.Carlos.spaceinvaders.controller.game.DifficultyControllerTest" time="0.0"/>
  <testcase name="testToDoScoreZero()" classname="com.Carlos.spaceinvaders.controller.game.DifficultyControllerTest" time="0.002"/>
  <testcase name="testToDoScoreNotMultipleOf75Or20()" classname="com.Carlos.spaceinvaders.controller.game.DifficultyControllerTest" time="0.001"/>
  <system-out><![CDATA[]]></system-out>
  <system-err><![CDATA[]]></system-err>
</testsuite>
