<?xml version="1.0" encoding="UTF-8"?>
<testsuite name="com.Carlos.spaceinvaders.view.game.DrawPowerUpTest" tests="3" skipped="0" failures="0" errors="0" timestamp="2023-12-22T19:23:15" hostname="rebelojoao-NBLB-WAX9N" time="0.006">
  <properties/>
  <testcase name="testDrawFireRateBoostPowerUp()" classname="com.Carlos.spaceinvaders.view.game.DrawPowerUpTest" time="0.002"/>
  <testcase name="testDrawHealthBoostPowerUp()" classname="com.Carlos.spaceinvaders.view.game.DrawPowerUpTest" time="0.002"/>
  <testcase name="testDrawScoreBoostPowerUp()" classname="com.Carlos.spaceinvaders.view.game.DrawPowerUpTest" time="0.002"/>
  <system-out><![CDATA[]]></system-out>
  <system-err><![CDATA[]]></system-err>
</testsuite>
