<?xml version="1.0" encoding="UTF-8"?>
<testsuite name="com.Carlos.spaceinvaders.model.models.MenuTest" tests="10" skipped="0" failures="0" errors="0" timestamp="2023-12-22T19:23:15" hostname="rebelojoao-NBLB-WAX9N" time="0.016">
  <properties/>
  <testcase name="testGetColor()" classname="com.Carlos.spaceinvaders.model.models.MenuTest" time="0.0"/>
  <testcase name="testGetEntries()" classname="com.Carlos.spaceinvaders.model.models.MenuTest" time="0.001"/>
  <testcase name="testGetText()" classname="com.Carlos.spaceinvaders.model.models.MenuTest" time="0.0"/>
  <testcase name="testIsSelected()" classname="com.Carlos.spaceinvaders.model.models.MenuTest" time="0.001"/>
  <testcase name="testGetEntriesSize()" classname="com.Carlos.spaceinvaders.model.models.MenuTest" time="0.002"/>
  <testcase name="testGetEntryName()" classname="com.Carlos.spaceinvaders.model.models.MenuTest" time="0.001"/>
  <testcase name="testGetNumEntries()" classname="com.Carlos.spaceinvaders.model.models.MenuTest" time="0.002"/>
  <testcase name="testSetText()" classname="com.Carlos.spaceinvaders.model.models.MenuTest" time="0.001"/>
  <testcase name="testNextEntry()" classname="com.Carlos.spaceinvaders.model.models.MenuTest" time="0.001"/>
  <testcase name="testSetEntry()" classname="com.Carlos.spaceinvaders.model.models.MenuTest" time="0.001"/>
  <system-out><![CDATA[]]></system-out>
  <system-err><![CDATA[]]></system-err>
</testsuite>
