<?xml version="1.0" encoding="UTF-8"?>
<testsuite name="com.Carlos.spaceinvaders.controller.menu.ResumeMenuControllerTest" tests="4" skipped="0" failures="0" errors="0" timestamp="2023-12-22T19:23:15" hostname="rebelojoao-NBLB-WAX9N" time="0.058">
  <properties/>
  <testcase name="testSelect_Restart()" classname="com.Carlos.spaceinvaders.controller.menu.ResumeMenuControllerTest" time="0.038"/>
  <testcase name="testPreviousEntry()" classname="com.Carlos.spaceinvaders.controller.menu.ResumeMenuControllerTest" time="0.002"/>
  <testcase name="testSelect_Resume()" classname="com.Carlos.spaceinvaders.controller.menu.ResumeMenuControllerTest" time="0.015"/>
  <testcase name="testNextEntry()" classname="com.Carlos.spaceinvaders.controller.menu.ResumeMenuControllerTest" time="0.002"/>
  <system-out><![CDATA[]]></system-out>
  <system-err><![CDATA[]]></system-err>
</testsuite>
