<?xml version="1.0" encoding="UTF-8"?>
<testsuite name="com.Carlos.spaceinvaders.controller.game.PowerUpFactoryTest" tests="4" skipped="0" failures="0" errors="0" timestamp="2023-12-22T19:23:15" hostname="rebelojoao-NBLB-WAX9N" time="0.008">
  <properties/>
  <testcase name="testCreatePowerUp()" classname="com.Carlos.spaceinvaders.controller.game.PowerUpFactoryTest" time="0.001"/>
  <testcase name="testCreatePowerUp_DelayPassed()" classname="com.Carlos.spaceinvaders.controller.game.PowerUpFactoryTest" time="0.001"/>
  <testcase name="testCreatePowerUp_DelayNotPassed()" classname="com.Carlos.spaceinvaders.controller.game.PowerUpFactoryTest" time="0.001"/>
  <testcase name="testSetDelay()" classname="com.Carlos.spaceinvaders.controller.game.PowerUpFactoryTest" time="0.002"/>
  <system-out><![CDATA[]]></system-out>
  <system-err><![CDATA[]]></system-err>
</testsuite>
