<?xml version="1.0" encoding="UTF-8"?>
<testsuite name="com.Carlos.spaceinvaders.controller.game.PowerUpControllerTest" tests="5" skipped="0" failures="0" errors="0" timestamp="2023-12-22T19:23:15" hostname="rebelojoao-NBLB-WAX9N" time="0.028">
  <properties/>
  <testcase name="testToDo_DoesNotMovePowerUpsWhenTimeDifferenceIsLessThan1500()" classname="com.Carlos.spaceinvaders.controller.game.PowerUpControllerTest" time="0.02"/>
  <testcase name="testMove()" classname="com.Carlos.spaceinvaders.controller.game.PowerUpControllerTest" time="0.002"/>
  <testcase name="testToDo_DoesNotMovePowerUpsWhenListIsEmpty()" classname="com.Carlos.spaceinvaders.controller.game.PowerUpControllerTest" time="0.001"/>
  <testcase name="testSetLastMove()" classname="com.Carlos.spaceinvaders.controller.game.PowerUpControllerTest" time="0.001"/>
  <testcase name="testToDo_MovePowerUpsWhenTimeDifferenceIsGreaterThan1500()" classname="com.Carlos.spaceinvaders.controller.game.PowerUpControllerTest" time="0.001"/>
  <system-out><![CDATA[]]></system-out>
  <system-err><![CDATA[]]></system-err>
</testsuite>
