<?xml version="1.0" encoding="UTF-8"?>
<testsuite name="com.Carlos.spaceinvaders.State.HighScoresStateTest" tests="4" skipped="0" failures="0" errors="0" timestamp="2023-12-22T19:23:14" hostname="rebelojoao-NBLB-WAX9N" time="0.054">
  <properties/>
  <testcase name="testStep()" classname="com.Carlos.spaceinvaders.State.HighScoresStateTest" time="0.047"/>
  <testcase name="testSetHighScoresController()" classname="com.Carlos.spaceinvaders.State.HighScoresStateTest" time="0.002"/>
  <testcase name="testSetDrawHighScores()" classname="com.Carlos.spaceinvaders.State.HighScoresStateTest" time="0.002"/>
  <testcase name="testConstructor()" classname="com.Carlos.spaceinvaders.State.HighScoresStateTest" time="0.001"/>
  <system-out><![CDATA[]]></system-out>
  <system-err><![CDATA[]]></system-err>
</testsuite>
