<?xml version="1.0" encoding="UTF-8"?>
<testsuite name="com.Carlos.spaceinvaders.model.models.PositionTest" tests="8" skipped="0" failures="0" errors="0" timestamp="2023-12-22T19:23:15" hostname="rebelojoao-NBLB-WAX9N" time="0.009">
  <properties/>
  <testcase name="testGetLeftBound()" classname="com.Carlos.spaceinvaders.model.models.PositionTest" time="0.0"/>
  <testcase name="testGetX()" classname="com.Carlos.spaceinvaders.model.models.PositionTest" time="0.0"/>
  <testcase name="testGetY()" classname="com.Carlos.spaceinvaders.model.models.PositionTest" time="0.0"/>
  <testcase name="testSetX()" classname="com.Carlos.spaceinvaders.model.models.PositionTest" time="0.001"/>
  <testcase name="testSetY()" classname="com.Carlos.spaceinvaders.model.models.PositionTest" time="0.001"/>
  <testcase name="testGetRightBound()" classname="com.Carlos.spaceinvaders.model.models.PositionTest" time="0.0"/>
  <testcase name="testHashCode()" classname="com.Carlos.spaceinvaders.model.models.PositionTest" time="0.001"/>
  <testcase name="testEquals()" classname="com.Carlos.spaceinvaders.model.models.PositionTest" time="0.001"/>
  <system-out><![CDATA[]]></system-out>
  <system-err><![CDATA[]]></system-err>
</testsuite>
