<?xml version="1.0" encoding="UTF-8"?>
<testsuite name="com.Carlos.spaceinvaders.view.game.DrawWallTest" tests="2" skipped="0" failures="0" errors="0" timestamp="2023-12-22T19:23:15" hostname="rebelojoao-NBLB-WAX9N" time="0.003">
  <properties/>
  <testcase name="testDraw()" classname="com.Carlos.spaceinvaders.view.game.DrawWallTest" time="0.001"/>
  <testcase name="testDrawWithDifferentPosition()" classname="com.Carlos.spaceinvaders.view.game.DrawWallTest" time="0.001"/>
  <system-out><![CDATA[]]></system-out>
  <system-err><![CDATA[]]></system-err>
</testsuite>
