<?xml version="1.0" encoding="UTF-8"?>
<testsuite name="com.Carlos.spaceinvaders.view.game.DrawPowerUpsTest" tests="3" skipped="0" failures="0" errors="0" timestamp="2023-12-22T19:23:15" hostname="rebelojoao-NBLB-WAX9N" time="0.012">
  <properties/>
  <testcase name="testDrawHealthAndScoreBoost()" classname="com.Carlos.spaceinvaders.view.game.DrawPowerUpsTest" time="0.004"/>
  <testcase name="testDrawEmpty()" classname="com.Carlos.spaceinvaders.view.game.DrawPowerUpsTest" time="0.002"/>
  <testcase name="testDrawMultipleVertical()" classname="com.Carlos.spaceinvaders.view.game.DrawPowerUpsTest" time="0.005"/>
  <system-out><![CDATA[]]></system-out>
  <system-err><![CDATA[]]></system-err>
</testsuite>
