<?xml version="1.0" encoding="UTF-8"?>
<testsuite name="com.Carlos.spaceinvaders.model.models.PlayerNameTest" tests="3" skipped="0" failures="0" errors="0" timestamp="2023-12-22T19:23:15" hostname="rebelojoao-NBLB-WAX9N" time="0.003">
  <properties/>
  <testcase name="testGetName()" classname="com.Carlos.spaceinvaders.model.models.PlayerNameTest" time="0.001"/>
  <testcase name="testGetEntryName()" classname="com.Carlos.spaceinvaders.model.models.PlayerNameTest" time="0.001"/>
  <testcase name="testSetName()" classname="com.Carlos.spaceinvaders.model.models.PlayerNameTest" time="0.001"/>
  <system-out><![CDATA[]]></system-out>
  <system-err><![CDATA[]]></system-err>
</testsuite>
