<?xml version="1.0" encoding="UTF-8"?>
<testsuite name="com.Carlos.spaceinvaders.controller.SoundControllerTest" tests="3" skipped="0" failures="0" errors="0" timestamp="2023-12-22T19:23:14" hostname="rebelojoao-NBLB-WAX9N" time="0.042">
  <properties/>
  <testcase name="testPlaySound()" classname="com.Carlos.spaceinvaders.controller.SoundControllerTest" time="0.016"/>
  <testcase name="testLoadSound()" classname="com.Carlos.spaceinvaders.controller.SoundControllerTest" time="0.015"/>
  <testcase name="testPlayNonExistentSound()" classname="com.Carlos.spaceinvaders.controller.SoundControllerTest" time="0.009"/>
  <system-out><![CDATA[]]></system-out>
  <system-err><![CDATA[]]></system-err>
</testsuite>
