<?xml version="1.0" encoding="UTF-8"?>
<testsuite name="com.Carlos.spaceinvaders.controller.game.GameControllerTest" tests="5" skipped="0" failures="0" errors="0" timestamp="2023-12-22T19:23:15" hostname="rebelojoao-NBLB-WAX9N" time="0.141">
  <properties/>
  <testcase name="testEndGame()" classname="com.Carlos.spaceinvaders.controller.game.GameControllerTest" time="0.08"/>
  <testcase name="testToDo()" classname="com.Carlos.spaceinvaders.controller.game.GameControllerTest" time="0.014"/>
  <testcase name="testToDoGameOver()" classname="com.Carlos.spaceinvaders.controller.game.GameControllerTest" time="0.015"/>
  <testcase name="testToDoEscapeKey()" classname="com.Carlos.spaceinvaders.controller.game.GameControllerTest" time="0.016"/>
  <testcase name="testToDoQuitKey()" classname="com.Carlos.spaceinvaders.controller.game.GameControllerTest" time="0.015"/>
  <system-out><![CDATA[]]></system-out>
  <system-err><![CDATA[]]></system-err>
</testsuite>
