<?xml version="1.0" encoding="UTF-8"?>
<testsuite name="com.Carlos.spaceinvaders.controller.game.MonsterStrategy.DiagonalMovementStrategyTest" tests="10" skipped="0" failures="0" errors="0" timestamp="2023-12-22T19:23:15" hostname="rebelojoao-NBLB-WAX9N" time="0.05">
  <properties/>
  <testcase name="testMove_CanMove_NegatedConditional()" classname="com.Carlos.spaceinvaders.controller.game.MonsterStrategy.DiagonalMovementStrategyTest" time="0.004"/>
  <testcase name="testMove_CorrectedXDirectionOnSubtraction()" classname="com.Carlos.spaceinvaders.controller.game.MonsterStrategy.DiagonalMovementStrategyTest" time="0.004"/>
  <testcase name="testMove_ChangeDirectionOnBoundary()" classname="com.Carlos.spaceinvaders.controller.game.MonsterStrategy.DiagonalMovementStrategyTest" time="0.004"/>
  <testcase name="testMove_SpeedGreaterThanOne()" classname="com.Carlos.spaceinvaders.controller.game.MonsterStrategy.DiagonalMovementStrategyTest" time="0.004"/>
  <testcase name="testMove_CannotMoveBeyondLowerBound()" classname="com.Carlos.spaceinvaders.controller.game.MonsterStrategy.DiagonalMovementStrategyTest" time="0.005"/>
  <testcase name="testMove_CanMoveMultipleTimes()" classname="com.Carlos.spaceinvaders.controller.game.MonsterStrategy.DiagonalMovementStrategyTest" time="0.005"/>
  <testcase name="testMove_CorrectedXDirectionOnMultiplication()" classname="com.Carlos.spaceinvaders.controller.game.MonsterStrategy.DiagonalMovementStrategyTest" time="0.005"/>
  <testcase name="testMove_CannotMoveBeyondUpperBound()" classname="com.Carlos.spaceinvaders.controller.game.MonsterStrategy.DiagonalMovementStrategyTest" time="0.004"/>
  <testcase name="testMove_CanMove()" classname="com.Carlos.spaceinvaders.controller.game.MonsterStrategy.DiagonalMovementStrategyTest" time="0.004"/>
  <testcase name="testMove_SwitchDirectionRandomly()" classname="com.Carlos.spaceinvaders.controller.game.MonsterStrategy.DiagonalMovementStrategyTest" time="0.005"/>
  <system-out><![CDATA[]]></system-out>
  <system-err><![CDATA[]]></system-err>
</testsuite>
