<?xml version="1.0" encoding="UTF-8"?>
<testsuite name="com.Carlos.spaceinvaders.view.menu.DrawResumeMenuTest" tests="1" skipped="0" failures="0" errors="0" timestamp="2023-12-22T19:23:15" hostname="rebelojoao-NBLB-WAX9N" time="0.006">
  <properties/>
  <testcase name="testDraw()" classname="com.Carlos.spaceinvaders.view.menu.DrawResumeMenuTest" time="0.006"/>
  <system-out><![CDATA[]]></system-out>
  <system-err><![CDATA[]]></system-err>
</testsuite>
