<?xml version="1.0" encoding="UTF-8"?>
<testsuite name="com.Carlos.spaceinvaders.State.ResumeMenuStateTest" tests="3" skipped="0" failures="0" errors="0" timestamp="2023-12-22T19:23:14" hostname="rebelojoao-NBLB-WAX9N" time="0.047">
  <properties/>
  <testcase name="setDrawResumeMenu_ShouldSetDrawResumeMenu()" classname="com.Carlos.spaceinvaders.State.ResumeMenuStateTest" time="0.041"/>
  <testcase name="setResumeMenuController_ShouldSetResumeMenuController()" classname="com.Carlos.spaceinvaders.State.ResumeMenuStateTest" time="0.001"/>
  <testcase name="step_ShouldCallLanternaDrawAndToDoMethods()" classname="com.Carlos.spaceinvaders.State.ResumeMenuStateTest" time="0.003"/>
  <system-out><![CDATA[]]></system-out>
  <system-err><![CDATA[]]></system-err>
</testsuite>
