<?xml version="1.0" encoding="UTF-8"?>
<testsuite name="com.Carlos.spaceinvaders.controller.game.MonsterControllerFactoryTest" tests="3" skipped="0" failures="0" errors="0" timestamp="2023-12-22T19:23:15" hostname="rebelojoao-NBLB-WAX9N" time="0.009">
  <properties/>
  <testcase name="testGetMonstersControllers()" classname="com.Carlos.spaceinvaders.controller.game.MonsterControllerFactoryTest" time="0.003"/>
  <testcase name="testCreateMonstersAndControllers()" classname="com.Carlos.spaceinvaders.controller.game.MonsterControllerFactoryTest" time="0.001"/>
  <testcase name="testCreateMonsterController()" classname="com.Carlos.spaceinvaders.controller.game.MonsterControllerFactoryTest" time="0.003"/>
  <system-out><![CDATA[]]></system-out>
  <system-err><![CDATA[]]></system-err>
</testsuite>
