<?xml version="1.0" encoding="UTF-8"?>
<testsuite name="com.Carlos.spaceinvaders.controller.game.MonsterFactoryTest" tests="5" skipped="0" failures="0" errors="0" timestamp="2023-12-22T19:23:15" hostname="rebelojoao-NBLB-WAX9N" time="0.011">
  <properties/>
  <testcase name="testCreateMonster_WhenTimeIsEqualToDelayPlusOne_ShouldReturnNewMonsters()" classname="com.Carlos.spaceinvaders.controller.game.MonsterFactoryTest" time="0.001"/>
  <testcase name="testCreateMonster_WhenTimeIsGreaterThanDelay()" classname="com.Carlos.spaceinvaders.controller.game.MonsterFactoryTest" time="0.0"/>
  <testcase name="testCreateMonster_WhenTimeIsEqualToLastCreation_ShouldReturnNull()" classname="com.Carlos.spaceinvaders.controller.game.MonsterFactoryTest" time="0.002"/>
  <testcase name="testCreateMonster_WhenTimeIsEqualToDelay_ShouldReturnNull()" classname="com.Carlos.spaceinvaders.controller.game.MonsterFactoryTest" time="0.001"/>
  <testcase name="testCreateMonster_WhenTimeIsLessThanDelay()" classname="com.Carlos.spaceinvaders.controller.game.MonsterFactoryTest" time="0.001"/>
  <system-out><![CDATA[]]></system-out>
  <system-err><![CDATA[]]></system-err>
</testsuite>
