<?xml version="1.0" encoding="UTF-8"?>
<testsuite name="com.Carlos.spaceinvaders.State.GameStateTest" tests="4" skipped="0" failures="0" errors="0" timestamp="2023-12-22T19:23:14" hostname="rebelojoao-NBLB-WAX9N" time="0.494">
  <properties/>
  <testcase name="testStep()" classname="com.Carlos.spaceinvaders.State.GameStateTest" time="0.421"/>
  <testcase name="testSetGameController()" classname="com.Carlos.spaceinvaders.State.GameStateTest" time="0.019"/>
  <testcase name="testSetDrawGame()" classname="com.Carlos.spaceinvaders.State.GameStateTest" time="0.023"/>
  <testcase name="testConstructor()" classname="com.Carlos.spaceinvaders.State.GameStateTest" time="0.027"/>
  <system-out><![CDATA[]]></system-out>
  <system-err><![CDATA[]]></system-err>
</testsuite>
