<?xml version="1.0" encoding="UTF-8"?>
<testsuite name="com.Carlos.spaceinvaders.controller.game.MonsterControllerTest" tests="5" skipped="0" failures="0" errors="0" timestamp="2023-12-22T19:23:15" hostname="rebelojoao-NBLB-WAX9N" time="0.039">
  <properties/>
  <testcase name="toDo_ShouldNotMoveModel_WhenTimeDifferenceIsLessThan1000()" classname="com.Carlos.spaceinvaders.controller.game.MonsterControllerTest" time="0.028"/>
  <testcase name="checkWin_ShouldNotSetWinMonsterToTrue_WhenPositionIsBelowArenaHeightMinusOne()" classname="com.Carlos.spaceinvaders.controller.game.MonsterControllerTest" time="0.002"/>
  <testcase name="checkWin_ShouldSetWinMonsterToTrue_WhenPositionIsAtArenaHeightMinusOne()" classname="com.Carlos.spaceinvaders.controller.game.MonsterControllerTest" time="0.002"/>
  <testcase name="toDo_ShouldMoveModel_WhenTimeDifferenceIsGreaterThan1000()" classname="com.Carlos.spaceinvaders.controller.game.MonsterControllerTest" time="0.003"/>
  <testcase name="toDo_ShouldMoveModel_WhenWinMonsterIsFalse()" classname="com.Carlos.spaceinvaders.controller.game.MonsterControllerTest" time="0.002"/>
  <system-out><![CDATA[]]></system-out>
  <system-err><![CDATA[]]></system-err>
</testsuite>
