<?xml version="1.0" encoding="UTF-8"?>
<testsuite name="com.Carlos.spaceinvaders.view.game.DrawMonstersTest" tests="4" skipped="0" failures="0" errors="0" timestamp="2023-12-22T19:23:15" hostname="rebelojoao-NBLB-WAX9N" time="0.014">
  <properties/>
  <testcase name="testDrawDiagonalAndShooter()" classname="com.Carlos.spaceinvaders.view.game.DrawMonstersTest" time="0.004"/>
  <testcase name="testDrawDiagonalAndVertical()" classname="com.Carlos.spaceinvaders.view.game.DrawMonstersTest" time="0.004"/>
  <testcase name="testDrawEmpty()" classname="com.Carlos.spaceinvaders.view.game.DrawMonstersTest" time="0.002"/>
  <testcase name="testDrawMultipleVertical()" classname="com.Carlos.spaceinvaders.view.game.DrawMonstersTest" time="0.004"/>
  <system-out><![CDATA[]]></system-out>
  <system-err><![CDATA[]]></system-err>
</testsuite>
