<?xml version="1.0" encoding="UTF-8"?>
<testsuite name="com.Carlos.spaceinvaders.State.TutorialStateTest" tests="3" skipped="0" failures="0" errors="0" timestamp="2023-12-22T19:23:14" hostname="rebelojoao-NBLB-WAX9N" time="0.033">
  <properties/>
  <testcase name="setTutorialController_ShouldSetTutorialController()" classname="com.Carlos.spaceinvaders.State.TutorialStateTest" time="0.027"/>
  <testcase name="step_ShouldCallLanternaDrawAndToDoMethods()" classname="com.Carlos.spaceinvaders.State.TutorialStateTest" time="0.003"/>
  <testcase name="setDrawTutorial_ShouldSetDrawTutorial()" classname="com.Carlos.spaceinvaders.State.TutorialStateTest" time="0.002"/>
  <system-out><![CDATA[]]></system-out>
  <system-err><![CDATA[]]></system-err>
</testsuite>
