<?xml version="1.0" encoding="UTF-8"?>
<testsuite name="com.Carlos.spaceinvaders.model.models.BulletTest" tests="8" skipped="0" failures="0" errors="0" timestamp="2023-12-22T19:23:15" hostname="rebelojoao-NBLB-WAX9N" time="0.013">
  <properties/>
  <testcase name="testGetSpeed()" classname="com.Carlos.spaceinvaders.model.models.BulletTest" time="0.001"/>
  <testcase name="testProcessActiveWhenDirectionIsFalse()" classname="com.Carlos.spaceinvaders.model.models.BulletTest" time="0.0"/>
  <testcase name="testGetDirection()" classname="com.Carlos.spaceinvaders.model.models.BulletTest" time="0.001"/>
  <testcase name="testProcessActiveWhenDirectionIsTrue()" classname="com.Carlos.spaceinvaders.model.models.BulletTest" time="0.001"/>
  <testcase name="testSetActive()" classname="com.Carlos.spaceinvaders.model.models.BulletTest" time="0.001"/>
  <testcase name="testGetActive()" classname="com.Carlos.spaceinvaders.model.models.BulletTest" time="0.001"/>
  <testcase name="testSetDirection()" classname="com.Carlos.spaceinvaders.model.models.BulletTest" time="0.001"/>
  <testcase name="testSetSpeed()" classname="com.Carlos.spaceinvaders.model.models.BulletTest" time="0.001"/>
  <system-out><![CDATA[]]></system-out>
  <system-err><![CDATA[]]></system-err>
</testsuite>
