<?xml version="1.0" encoding="UTF-8"?>
<testsuite name="com.Carlos.spaceinvaders.view.game.DrawOutlineTest" tests="1" skipped="0" failures="0" errors="0" timestamp="2023-12-22T19:23:15" hostname="rebelojoao-NBLB-WAX9N" time="0.018">
  <properties/>
  <testcase name="draw_ShouldDrawEachWallModel()" classname="com.Carlos.spaceinvaders.view.game.DrawOutlineTest" time="0.018"/>
  <system-out><![CDATA[]]></system-out>
  <system-err><![CDATA[]]></system-err>
</testsuite>
