<?xml version="1.0" encoding="UTF-8"?>
<testsuite name="com.Carlos.spaceinvaders.model.models.HighScoresTest" tests="2" skipped="0" failures="0" errors="0" timestamp="2023-12-22T19:23:15" hostname="rebelojoao-NBLB-WAX9N" time="0.002">
  <properties/>
  <testcase name="testGetEntryName()" classname="com.Carlos.spaceinvaders.model.models.HighScoresTest" time="0.001"/>
  <testcase name="testGetFilePath()" classname="com.Carlos.spaceinvaders.model.models.HighScoresTest" time="0.0"/>
  <system-out><![CDATA[]]></system-out>
  <system-err><![CDATA[]]></system-err>
</testsuite>
