<?xml version="1.0" encoding="UTF-8"?>
<testsuite name="com.Carlos.spaceinvaders.controller.game.PlayerControllerTest" tests="5" skipped="0" failures="0" errors="0" timestamp="2023-12-22T19:23:15" hostname="rebelojoao-NBLB-WAX9N" time="0.077">
  <properties/>
  <testcase name="testMoveRightBoundary()" classname="com.Carlos.spaceinvaders.controller.game.PlayerControllerTest" time="0.017"/>
  <testcase name="testShoot()" classname="com.Carlos.spaceinvaders.controller.game.PlayerControllerTest" time="0.015"/>
  <testcase name="testMoveLeftBoundary()" classname="com.Carlos.spaceinvaders.controller.game.PlayerControllerTest" time="0.017"/>
  <testcase name="testMoveLeft()" classname="com.Carlos.spaceinvaders.controller.game.PlayerControllerTest" time="0.012"/>
  <testcase name="testMoveRight()" classname="com.Carlos.spaceinvaders.controller.game.PlayerControllerTest" time="0.013"/>
  <system-out><![CDATA[]]></system-out>
  <system-err><![CDATA[]]></system-err>
</testsuite>
