<?xml version="1.0" encoding="UTF-8"?>
<testsuite name="com.Carlos.spaceinvaders.controller.menu.HighScoresControllerTest" tests="4" skipped="0" failures="0" errors="0" timestamp="2023-12-22T19:23:15" hostname="rebelojoao-NBLB-WAX9N" time="0.01">
  <properties/>
  <testcase name="testToDo_QuitKey()" classname="com.Carlos.spaceinvaders.controller.menu.HighScoresControllerTest" time="0.002"/>
  <testcase name="testToDo_EnterKey()" classname="com.Carlos.spaceinvaders.controller.menu.HighScoresControllerTest" time="0.002"/>
  <testcase name="testToDo_NullKey()" classname="com.Carlos.spaceinvaders.controller.menu.HighScoresControllerTest" time="0.002"/>
  <testcase name="testToDo_EscapeKey()" classname="com.Carlos.spaceinvaders.controller.menu.HighScoresControllerTest" time="0.002"/>
  <system-out><![CDATA[]]></system-out>
  <system-err><![CDATA[]]></system-err>
</testsuite>
