<?xml version="1.0" encoding="UTF-8"?>
<testsuite name="com.Carlos.spaceinvaders.model.models.ScoreTest" tests="5" skipped="0" failures="0" errors="0" timestamp="2023-12-22T19:23:15" hostname="rebelojoao-NBLB-WAX9N" time="0.023">
  <properties/>
  <testcase name="testSetIncrementValue()" classname="com.Carlos.spaceinvaders.model.models.ScoreTest" time="0.006"/>
  <testcase name="testGetScore()" classname="com.Carlos.spaceinvaders.model.models.ScoreTest" time="0.002"/>
  <testcase name="testGetIncrementValue()" classname="com.Carlos.spaceinvaders.model.models.ScoreTest" time="0.011"/>
  <testcase name="testIncrementScore()" classname="com.Carlos.spaceinvaders.model.models.ScoreTest" time="0.001"/>
  <testcase name="testSetScore()" classname="com.Carlos.spaceinvaders.model.models.ScoreTest" time="0.0"/>
  <system-out><![CDATA[]]></system-out>
  <system-err><![CDATA[]]></system-err>
</testsuite>
