<?xml version="1.0" encoding="UTF-8"?>
<testsuite name="com.Carlos.spaceinvaders.controller.game.MonsterStrategy.VerticalMovementStrategyTest" tests="5" skipped="0" failures="0" errors="0" timestamp="2023-12-22T19:23:15" hostname="rebelojoao-NBLB-WAX9N" time="0.021">
  <properties/>
  <testcase name="testMoveWithNegativeSpeed()" classname="com.Carlos.spaceinvaders.controller.game.MonsterStrategy.VerticalMovementStrategyTest" time="0.004"/>
  <testcase name="testMove()" classname="com.Carlos.spaceinvaders.controller.game.MonsterStrategy.VerticalMovementStrategyTest" time="0.003"/>
  <testcase name="testMoveMultipleTimes()" classname="com.Carlos.spaceinvaders.controller.game.MonsterStrategy.VerticalMovementStrategyTest" time="0.004"/>
  <testcase name="testMoveWithLargeSpeed()" classname="com.Carlos.spaceinvaders.controller.game.MonsterStrategy.VerticalMovementStrategyTest" time="0.004"/>
  <testcase name="testMoveWithZeroSpeed()" classname="com.Carlos.spaceinvaders.controller.game.MonsterStrategy.VerticalMovementStrategyTest" time="0.003"/>
  <system-out><![CDATA[]]></system-out>
  <system-err><![CDATA[]]></system-err>
</testsuite>
